<?xml version="1.0" encoding="UTF-8"?>
<testsuite xmlns:xsi="http://www.w3.org/2001/XMLSchema-instance" xsi:noNamespaceSchemaLocation="https://maven.apache.org/surefire/maven-surefire-plugin/xsd/surefire-test-report.xsd" name="Runner.LoginPageRunner" time="37.273" tests="10" errors="0" skipped="0" failures="9">
  <properties>
[...]
</properties>
  <testcase name="Login Page Positive Test" classname="Quartet Health Login Page" time="10.687">
    <failure message="expected:&lt;[Login] - Quartet Health&gt; but was:&lt;[Welcome] - Quartet Health&gt;" type="org.junit.ComparisonFailure"><![CDATA[org.junit.ComparisonFailure: expected:<[Login] - Quartet Health> but was:<[Welcome] - Quartet Health>
]]></failure>
    <system-out><![CDATA[
Scenario: Login Page Positive Test                                                          &amp#27;[90m# src/test/resources/LoginPage.feature:8&amp#27;[0m
Login Page Positive Test
  &amp#27;[32mGiven &amp#27;[0m&amp#27;[32mthe user goes to Quartet login page&amp#27;[0m                                                 &amp#27;[90m# StepDefinitions.LoginPageSteps.the_user_goes_to_quartet_login_page()&amp#27;[0m
  &amp#27;[31mWhen &amp#27;[0m&amp#27;[31mthe user validates title &amp#27;[0m&amp#27;[31m&amp#27;[1m"Login - Quartet Health"&amp#27;[0m                                    &amp#27;[90m# StepDefinitions.LoginPageSteps.the_user_validates_title(java.lang.String)&amp#27;[0m
      &amp#27;[31morg.junit.ComparisonFailure: expected:<[Login] - Quartet Health> but was:<[Welcome] - Quartet Health>
	at org.junit.Assert.assertEquals(Assert.java:117)
	at org.junit.Assert.assertEquals(Assert.java:146)
	at StepDefinitions.LoginPageSteps.the_user_validates_title(LoginPageSteps.java:25)
	at ?.the user validates title "Login - Quartet Health"(file:///C:/Users/Administrator.DESKTOP-DMM2MC9/Downloads/QuartetHealth/src/test/resources/LoginPage.feature:10)
&amp#27;[0m
  &amp#27;[36mThen &amp#27;[0m&amp#27;[36mthe user enters valid username &amp#27;[0m&amp#27;[36m&amp#27;[1m"brooklee@gmail.com"&amp#27;[0m&amp#27;[36m and valid password &amp#27;[0m&amp#27;[36m&amp#27;[1m"Hardtoquess"&amp#27;[0m &amp#27;[90m# StepDefinitions.LoginPageSteps.the_user_enters_valid_username_and_valid_password(java.lang.String,java.lang.String)&amp#27;[0m
  &amp#27;[36mAnd &amp#27;[0m&amp#27;[36mthe user validate home page&amp#27;[0m                                                           &amp#27;[90m# StepDefinitions.LoginPageSteps.the_user_validate_home_page()&amp#27;[0m
Failed
]]></system-out>
    <system-err><![CDATA[Sep 16, 2020 10:42:48 AM io.cucumber.junit.Cucumber <init>
WARNING: By default Cucumber is running in --non-strict mode.
This default will change to --strict and --non-strict will be removed.
You can use --strict or @CucumberOptions(strict = true) to suppress this warning
SLF4J: Failed to load class "org.slf4j.impl.StaticLoggerBinder".
SLF4J: Defaulting to no-operation (NOP) logger implementation
SLF4J: See http://www.slf4j.org/codes.html#StaticLoggerBinder for further details.
Starting ChromeDriver 85.0.4183.87 (cd6713ebf92fa1cacc0f1a598df280093af0c5d7-refs/branch-heads/4183@{#1689}) on port 12856
Only local connections are allowed.
Please see https://chromedriver.chromium.org/security-considerations for suggestions on keeping ChromeDriver safe.
ChromeDriver was started successfully.
Sep 16, 2020 10:42:54 AM org.openqa.selenium.remote.ProtocolHandshake createSession
INFO: Detected dialect: W3C
]]></system-err>
  </testcase>
  <testcase name="Login Page Negative Test" classname="Quartet Health Login Page" time="3.141"/>
  <testcase name="EMPTY_NAME" classname="Quartet Health Login Page" time="3.561">
    <failure message="expected:&lt;[Logged in successfully!]&gt; but was:&lt;[Invalid username and/or password]&gt;" type="org.junit.ComparisonFailure"><![CDATA[org.junit.ComparisonFailure: expected:<[Logged in successfully!]> but was:<[Invalid username and/or password]>
]]></failure>
    <system-out><![CDATA[
Scenario Outline:                                                                                       &amp#27;[90m# src/test/resources/LoginPage.feature:27&amp#27;[0m

  &amp#27;[32mGiven &amp#27;[0m&amp#27;[32mthe user goes to Quartet login page&amp#27;[0m                                                             &amp#27;[90m# StepDefinitions.LoginPageSteps.the_user_goes_to_quartet_login_page()&amp#27;[0m
  &amp#27;[32mWhen &amp#27;[0m&amp#27;[32mthe user validates title &amp#27;[0m&amp#27;[32m&amp#27;[1m"Login - Quartet Health"&amp#27;[0m                                                &amp#27;[90m# StepDefinitions.LoginPageSteps.the_user_validates_title(java.lang.String)&amp#27;[0m
  &amp#27;[32mThen &amp#27;[0m&amp#27;[32mthe user enters valid &amp#27;[0m&amp#27;[32m&amp#27;[1m"brooklee@gmail.com"&amp#27;[0m&amp#27;[32m and valid &amp#27;[0m&amp#27;[32m&amp#27;[1m"hardtoquess"&amp#27;[0m                               &amp#27;[90m# StepDefinitions.LoginPageSteps.the_user_enters_valid_and_valid(java.lang.String,java.lang.String)&amp#27;[0m
  &amp#27;[31mAnd &amp#27;[0m&amp#27;[31mthe user validate success message &amp#27;[0m&amp#27;[31m&amp#27;[1m"Logged in successfully!"&amp#27;[0m&amp#27;[31m and home page &amp#27;[0m&amp#27;[31m&amp#27;[1m"Home - Quartet Health"&amp#27;[0m &amp#27;[90m# StepDefinitions.LoginPageSteps.the_user_validate_success_message_and_home_page(java.lang.String,java.lang.String)&amp#27;[0m
      &amp#27;[31morg.junit.ComparisonFailure: expected:<[Logged in successfully!]> but was:<[Invalid username and/or password]>
	at org.junit.Assert.assertEquals(Assert.java:117)
	at org.junit.Assert.assertEquals(Assert.java:146)
	at StepDefinitions.LoginPageSteps.the_user_validate_success_message_and_home_page(LoginPageSteps.java:64)
	at ?.the user validate success message "Logged in successfully!" and home page "Home - Quartet Health"(file:///C:/Users/Administrator.DESKTOP-DMM2MC9/Downloads/QuartetHealth/src/test/resources/LoginPage.feature:24)
&amp#27;[0m
Failed
]]></system-out>
  </testcase>
  <testcase name="EMPTY_NAME" classname="Quartet Health Login Page" time="3.222">
    <failure message="expected:&lt;[Logged in successfully!]&gt; but was:&lt;[Invalid username and/or password]&gt;" type="org.junit.ComparisonFailure"><![CDATA[org.junit.ComparisonFailure: expected:<[Logged in successfully!]> but was:<[Invalid username and/or password]>
]]></failure>
    <system-out><![CDATA[
Scenario Outline:                                                                                       &amp#27;[90m# src/test/resources/LoginPage.feature:28&amp#27;[0m

  &amp#27;[32mGiven &amp#27;[0m&amp#27;[32mthe user goes to Quartet login page&amp#27;[0m                                                             &amp#27;[90m# StepDefinitions.LoginPageSteps.the_user_goes_to_quartet_login_page()&amp#27;[0m
  &amp#27;[32mWhen &amp#27;[0m&amp#27;[32mthe user validates title &amp#27;[0m&amp#27;[32m&amp#27;[1m"Login - Quartet Health"&amp#27;[0m                                                &amp#27;[90m# StepDefinitions.LoginPageSteps.the_user_validates_title(java.lang.String)&amp#27;[0m
  &amp#27;[32mThen &amp#27;[0m&amp#27;[32mthe user enters valid &amp#27;[0m&amp#27;[32m&amp#27;[1m"BROOKLEE@gmail.com"&amp#27;[0m&amp#27;[32m and valid &amp#27;[0m&amp#27;[32m&amp#27;[1m"HARDTO-QUESS"&amp#27;[0m                              &amp#27;[90m# StepDefinitions.LoginPageSteps.the_user_enters_valid_and_valid(java.lang.String,java.lang.String)&amp#27;[0m
  &amp#27;[31mAnd &amp#27;[0m&amp#27;[31mthe user validate success message &amp#27;[0m&amp#27;[31m&amp#27;[1m"Logged in successfully!"&amp#27;[0m&amp#27;[31m and home page &amp#27;[0m&amp#27;[31m&amp#27;[1m"Home - Quartet Health"&amp#27;[0m &amp#27;[90m# StepDefinitions.LoginPageSteps.the_user_validate_success_message_and_home_page(java.lang.String,java.lang.String)&amp#27;[0m
      &amp#27;[31morg.junit.ComparisonFailure: expected:<[Logged in successfully!]> but was:<[Invalid username and/or password]>
	at org.junit.Assert.assertEquals(Assert.java:117)
	at org.junit.Assert.assertEquals(Assert.java:146)
	at StepDefinitions.LoginPageSteps.the_user_validate_success_message_and_home_page(LoginPageSteps.java:64)
	at ?.the user validate success message "Logged in successfully!" and home page "Home - Quartet Health"(file:///C:/Users/Administrator.DESKTOP-DMM2MC9/Downloads/QuartetHealth/src/test/resources/LoginPage.feature:24)
&amp#27;[0m
Failed
]]></system-out>
  </testcase>
  <testcase name="EMPTY_NAME" classname="Quartet Health Login Page" time="3.026">
    <failure message="expected:&lt;[Logged in successfully!]&gt; but was:&lt;[Invalid username and/or password]&gt;" type="org.junit.ComparisonFailure"><![CDATA[org.junit.ComparisonFailure: expected:<[Logged in successfully!]> but was:<[Invalid username and/or password]>
]]></failure>
    <system-out><![CDATA[
Scenario Outline:                                                                                       &amp#27;[90m# src/test/resources/LoginPage.feature:29&amp#27;[0m

  &amp#27;[32mGiven &amp#27;[0m&amp#27;[32mthe user goes to Quartet login page&amp#27;[0m                                                             &amp#27;[90m# StepDefinitions.LoginPageSteps.the_user_goes_to_quartet_login_page()&amp#27;[0m
  &amp#27;[32mWhen &amp#27;[0m&amp#27;[32mthe user validates title &amp#27;[0m&amp#27;[32m&amp#27;[1m"Login - Quartet Health"&amp#27;[0m                                                &amp#27;[90m# StepDefinitions.LoginPageSteps.the_user_validates_title(java.lang.String)&amp#27;[0m
  &amp#27;[32mThen &amp#27;[0m&amp#27;[32mthe user enters valid &amp#27;[0m&amp#27;[32m&amp#27;[1m"10101010@yahoo.com"&amp#27;[0m&amp#27;[32m and valid &amp#27;[0m&amp#27;[32m&amp#27;[1m"101010109"&amp#27;[0m                                 &amp#27;[90m# StepDefinitions.LoginPageSteps.the_user_enters_valid_and_valid(java.lang.String,java.lang.String)&amp#27;[0m
  &amp#27;[31mAnd &amp#27;[0m&amp#27;[31mthe user validate success message &amp#27;[0m&amp#27;[31m&amp#27;[1m"Logged in successfully!"&amp#27;[0m&amp#27;[31m and home page &amp#27;[0m&amp#27;[31m&amp#27;[1m"Home - Quartet Health"&amp#27;[0m &amp#27;[90m# StepDefinitions.LoginPageSteps.the_user_validate_success_message_and_home_page(java.lang.String,java.lang.String)&amp#27;[0m
      &amp#27;[31morg.junit.ComparisonFailure: expected:<[Logged in successfully!]> but was:<[Invalid username and/or password]>
	at org.junit.Assert.assertEquals(Assert.java:117)
	at org.junit.Assert.assertEquals(Assert.java:146)
	at StepDefinitions.LoginPageSteps.the_user_validate_success_message_and_home_page(LoginPageSteps.java:64)
	at ?.the user validate success message "Logged in successfully!" and home page "Home - Quartet Health"(file:///C:/Users/Administrator.DESKTOP-DMM2MC9/Downloads/QuartetHealth/src/test/resources/LoginPage.feature:24)
&amp#27;[0m
Failed
]]></system-out>
  </testcase>
  <testcase name="EMPTY_NAME" classname="Quartet Health Login Page" time="2.965">
    <failure message="expected:&lt;[Logged in successfully!]&gt; but was:&lt;[Invalid username and/or password]&gt;" type="org.junit.ComparisonFailure"><![CDATA[org.junit.ComparisonFailure: expected:<[Logged in successfully!]> but was:<[Invalid username and/or password]>
]]></failure>
    <system-out><![CDATA[
Scenario Outline:                                                                                       &amp#27;[90m# src/test/resources/LoginPage.feature:30&amp#27;[0m

  &amp#27;[32mGiven &amp#27;[0m&amp#27;[32mthe user goes to Quartet login page&amp#27;[0m                                                             &amp#27;[90m# StepDefinitions.LoginPageSteps.the_user_goes_to_quartet_login_page()&amp#27;[0m
  &amp#27;[32mWhen &amp#27;[0m&amp#27;[32mthe user validates title &amp#27;[0m&amp#27;[32m&amp#27;[1m"Login - Quartet Health"&amp#27;[0m                                                &amp#27;[90m# StepDefinitions.LoginPageSteps.the_user_validates_title(java.lang.String)&amp#27;[0m
  &amp#27;[32mThen &amp#27;[0m&amp#27;[32mthe user enters valid &amp#27;[0m&amp#27;[32m&amp#27;[1m"#######@gmail.com"&amp#27;[0m&amp#27;[32m and valid &amp#27;[0m&amp#27;[32m&amp#27;[1m"!!@%*&"&amp#27;[0m                                     &amp#27;[90m# StepDefinitions.LoginPageSteps.the_user_enters_valid_and_valid(java.lang.String,java.lang.String)&amp#27;[0m
  &amp#27;[31mAnd &amp#27;[0m&amp#27;[31mthe user validate success message &amp#27;[0m&amp#27;[31m&amp#27;[1m"Logged in successfully!"&amp#27;[0m&amp#27;[31m and home page &amp#27;[0m&amp#27;[31m&amp#27;[1m"Home - Quartet Health"&amp#27;[0m &amp#27;[90m# StepDefinitions.LoginPageSteps.the_user_validate_success_message_and_home_page(java.lang.String,java.lang.String)&amp#27;[0m
      &amp#27;[31morg.junit.ComparisonFailure: expected:<[Logged in successfully!]> but was:<[Invalid username and/or password]>
	at org.junit.Assert.assertEquals(Assert.java:117)
	at org.junit.Assert.assertEquals(Assert.java:146)
	at StepDefinitions.LoginPageSteps.the_user_validate_success_message_and_home_page(LoginPageSteps.java:64)
	at ?.the user validate success message "Logged in successfully!" and home page "Home - Quartet Health"(file:///C:/Users/Administrator.DESKTOP-DMM2MC9/Downloads/QuartetHealth/src/test/resources/LoginPage.feature:24)
&amp#27;[0m
Failed
]]></system-out>
  </testcase>
  <testcase name="EMPTY_NAME" classname="Quartet Health Login Page" time="2.306">
    <failure message="expected:&lt;[Logged in successfully!]&gt; but was:&lt;[Enter an email address]&gt;" type="org.junit.ComparisonFailure"><![CDATA[org.junit.ComparisonFailure: expected:<[Logged in successfully!]> but was:<[Enter an email address]>
]]></failure>
    <system-out><![CDATA[
Scenario Outline:                                                                                       &amp#27;[90m# src/test/resources/LoginPage.feature:31&amp#27;[0m

  &amp#27;[32mGiven &amp#27;[0m&amp#27;[32mthe user goes to Quartet login page&amp#27;[0m                                                             &amp#27;[90m# StepDefinitions.LoginPageSteps.the_user_goes_to_quartet_login_page()&amp#27;[0m
  &amp#27;[32mWhen &amp#27;[0m&amp#27;[32mthe user validates title &amp#27;[0m&amp#27;[32m&amp#27;[1m"Login - Quartet Health"&amp#27;[0m                                                &amp#27;[90m# StepDefinitions.LoginPageSteps.the_user_validates_title(java.lang.String)&amp#27;[0m
  &amp#27;[32mThen &amp#27;[0m&amp#27;[32mthe user enters valid &amp#27;[0m&amp#27;[32m&amp#27;[1m""&amp#27;[0m&amp#27;[32m and valid &amp#27;[0m&amp#27;[32m&amp#27;[1m""&amp#27;[0m                                                            &amp#27;[90m# StepDefinitions.LoginPageSteps.the_user_enters_valid_and_valid(java.lang.String,java.lang.String)&amp#27;[0m
  &amp#27;[31mAnd &amp#27;[0m&amp#27;[31mthe user validate success message &amp#27;[0m&amp#27;[31m&amp#27;[1m"Logged in successfully!"&amp#27;[0m&amp#27;[31m and home page &amp#27;[0m&amp#27;[31m&amp#27;[1m"Home - Quartet Health"&amp#27;[0m &amp#27;[90m# StepDefinitions.LoginPageSteps.the_user_validate_success_message_and_home_page(java.lang.String,java.lang.String)&amp#27;[0m
      &amp#27;[31morg.junit.ComparisonFailure: expected:<[Logged in successfully!]> but was:<[Enter an email address]>
	at org.junit.Assert.assertEquals(Assert.java:117)
	at org.junit.Assert.assertEquals(Assert.java:146)
	at StepDefinitions.LoginPageSteps.the_user_validate_success_message_and_home_page(LoginPageSteps.java:64)
	at ?.the user validate success message "Logged in successfully!" and home page "Home - Quartet Health"(file:///C:/Users/Administrator.DESKTOP-DMM2MC9/Downloads/QuartetHealth/src/test/resources/LoginPage.feature:24)
&amp#27;[0m
Failed
]]></system-out>
  </testcase>
  <testcase name="EMPTY_NAME" classname="Quartet Health Login Page" time="2.104">
    <failure message="expected:&lt;[Logged in successfully!]&gt; but was:&lt;[Invalid username and/or password]&gt;" type="org.junit.ComparisonFailure"><![CDATA[org.junit.ComparisonFailure: expected:<[Logged in successfully!]> but was:<[Invalid username and/or password]>
]]></failure>
    <system-out><![CDATA[
Scenario Outline:                                                                                       &amp#27;[90m# src/test/resources/LoginPage.feature:32&amp#27;[0m

  &amp#27;[32mGiven &amp#27;[0m&amp#27;[32mthe user goes to Quartet login page&amp#27;[0m                                                             &amp#27;[90m# StepDefinitions.LoginPageSteps.the_user_goes_to_quartet_login_page()&amp#27;[0m
  &amp#27;[32mWhen &amp#27;[0m&amp#27;[32mthe user validates title &amp#27;[0m&amp#27;[32m&amp#27;[1m"Login - Quartet Health"&amp#27;[0m                                                &amp#27;[90m# StepDefinitions.LoginPageSteps.the_user_validates_title(java.lang.String)&amp#27;[0m
  &amp#27;[32mThen &amp#27;[0m&amp#27;[32mthe user enters valid &amp#27;[0m&amp#27;[32m&amp#27;[1m"brooklee@gmail.com"&amp#27;[0m&amp#27;[32m and valid &amp#27;[0m&amp#27;[32m&amp#27;[1m""&amp#27;[0m                                          &amp#27;[90m# StepDefinitions.LoginPageSteps.the_user_enters_valid_and_valid(java.lang.String,java.lang.String)&amp#27;[0m
  &amp#27;[31mAnd &amp#27;[0m&amp#27;[31mthe user validate success message &amp#27;[0m&amp#27;[31m&amp#27;[1m"Logged in successfully!"&amp#27;[0m&amp#27;[31m and home page &amp#27;[0m&amp#27;[31m&amp#27;[1m"Home - Quartet Health"&amp#27;[0m &amp#27;[90m# StepDefinitions.LoginPageSteps.the_user_validate_success_message_and_home_page(java.lang.String,java.lang.String)&amp#27;[0m
      &amp#27;[31morg.junit.ComparisonFailure: expected:<[Logged in successfully!]> but was:<[Invalid username and/or password]>
	at org.junit.Assert.assertEquals(Assert.java:117)
	at org.junit.Assert.assertEquals(Assert.java:146)
	at StepDefinitions.LoginPageSteps.the_user_validate_success_message_and_home_page(LoginPageSteps.java:64)
	at ?.the user validate success message "Logged in successfully!" and home page "Home - Quartet Health"(file:///C:/Users/Administrator.DESKTOP-DMM2MC9/Downloads/QuartetHealth/src/test/resources/LoginPage.feature:24)
&amp#27;[0m
Failed
]]></system-out>
  </testcase>
  <testcase name="EMPTY_NAME" classname="Quartet Health Login Page" time="1.937">
    <failure message="expected:&lt;[Logged in successfully!]&gt; but was:&lt;[Enter an email address]&gt;" type="org.junit.ComparisonFailure"><![CDATA[org.junit.ComparisonFailure: expected:<[Logged in successfully!]> but was:<[Enter an email address]>
]]></failure>
    <system-out><![CDATA[
Scenario Outline:                                                                                       &amp#27;[90m# src/test/resources/LoginPage.feature:33&amp#27;[0m

  &amp#27;[32mGiven &amp#27;[0m&amp#27;[32mthe user goes to Quartet login page&amp#27;[0m                                                             &amp#27;[90m# StepDefinitions.LoginPageSteps.the_user_goes_to_quartet_login_page()&amp#27;[0m
  &amp#27;[32mWhen &amp#27;[0m&amp#27;[32mthe user validates title &amp#27;[0m&amp#27;[32m&amp#27;[1m"Login - Quartet Health"&amp#27;[0m                                                &amp#27;[90m# StepDefinitions.LoginPageSteps.the_user_validates_title(java.lang.String)&amp#27;[0m
  &amp#27;[32mThen &amp#27;[0m&amp#27;[32mthe user enters valid &amp#27;[0m&amp#27;[32m&amp#27;[1m""&amp#27;[0m&amp#27;[32m and valid &amp#27;[0m&amp#27;[32m&amp#27;[1m"hardtoquess"&amp#27;[0m                                                 &amp#27;[90m# StepDefinitions.LoginPageSteps.the_user_enters_valid_and_valid(java.lang.String,java.lang.String)&amp#27;[0m
  &amp#27;[31mAnd &amp#27;[0m&amp#27;[31mthe user validate success message &amp#27;[0m&amp#27;[31m&amp#27;[1m"Logged in successfully!"&amp#27;[0m&amp#27;[31m and home page &amp#27;[0m&amp#27;[31m&amp#27;[1m"Home - Quartet Health"&amp#27;[0m &amp#27;[90m# StepDefinitions.LoginPageSteps.the_user_validate_success_message_and_home_page(java.lang.String,java.lang.String)&amp#27;[0m
      &amp#27;[31morg.junit.ComparisonFailure: expected:<[Logged in successfully!]> but was:<[Enter an email address]>
	at org.junit.Assert.assertEquals(Assert.java:117)
	at org.junit.Assert.assertEquals(Assert.java:146)
	at StepDefinitions.LoginPageSteps.the_user_validate_success_message_and_home_page(LoginPageSteps.java:64)
	at ?.the user validate success message "Logged in successfully!" and home page "Home - Quartet Health"(file:///C:/Users/Administrator.DESKTOP-DMM2MC9/Downloads/QuartetHealth/src/test/resources/LoginPage.feature:24)
&amp#27;[0m
Failed
]]></system-out>
  </testcase>
  <testcase name="EMPTY_NAME" classname="Quartet Health Login Page" time="2.956">
    <failure message="expected:&lt;[Logged in successfully!]&gt; but was:&lt;[Invalid username and/or password]&gt;" type="org.junit.ComparisonFailure"><![CDATA[org.junit.ComparisonFailure: expected:<[Logged in successfully!]> but was:<[Invalid username and/or password]>
]]></failure>
    <system-out><![CDATA[
Scenario Outline:                                                                                          &amp#27;[90m# src/test/resources/LoginPage.feature:34&amp#27;[0m

  &amp#27;[32mGiven &amp#27;[0m&amp#27;[32mthe user goes to Quartet login page&amp#27;[0m                                                                &amp#27;[90m# StepDefinitions.LoginPageSteps.the_user_goes_to_quartet_login_page()&amp#27;[0m
  &amp#27;[32mWhen &amp#27;[0m&amp#27;[32mthe user validates title &amp#27;[0m&amp#27;[32m&amp#27;[1m"Login - Quartet Health"&amp#27;[0m                                                   &amp#27;[90m# StepDefinitions.LoginPageSteps.the_user_validates_title(java.lang.String)&amp#27;[0m
  &amp#27;[32mThen &amp#27;[0m&amp#27;[32mthe user enters valid &amp#27;[0m&amp#27;[32m&amp#27;[1m"brookismyfirstnameandleeismylastname"&amp#27;[0m&amp#27;[32m and valid &amp#27;[0m&amp#27;[32m&amp#27;[1m"mypasswordistoohardtoguess"&amp#27;[0m &amp#27;[90m# StepDefinitions.LoginPageSteps.the_user_enters_valid_and_valid(java.lang.String,java.lang.String)&amp#27;[0m
  &amp#27;[31mAnd &amp#27;[0m&amp#27;[31mthe user validate success message &amp#27;[0m&amp#27;[31m&amp#27;[1m"Logged in successfully!"&amp#27;[0m&amp#27;[31m and home page &amp#27;[0m&amp#27;[31m&amp#27;[1m"Home - Quartet Health"&amp#27;[0m    &amp#27;[90m# StepDefinitions.LoginPageSteps.the_user_validate_success_message_and_home_page(java.lang.String,java.lang.String)&amp#27;[0m
      &amp#27;[31morg.junit.ComparisonFailure: expected:<[Logged in successfully!]> but was:<[Invalid username and/or password]>
	at org.junit.Assert.assertEquals(Assert.java:117)
	at org.junit.Assert.assertEquals(Assert.java:146)
	at StepDefinitions.LoginPageSteps.the_user_validate_success_message_and_home_page(LoginPageSteps.java:64)
	at ?.the user validate success message "Logged in successfully!" and home page "Home - Quartet Health"(file:///C:/Users/Administrator.DESKTOP-DMM2MC9/Downloads/QuartetHealth/src/test/resources/LoginPage.feature:24)
&amp#27;[0m
Failed
]]></system-out>
  </testcase>
</testsuite>